Number of messages = 98

# warning: no package exists for attachedPattern in device mic94060_1 
# warning: no package exists for attachedPattern in device Micro3_N_1 
# warning: no package exists for attachedPattern in device CAPP_1206__3216X18L__Size_A_1 
# warning: NodePadName not found MIC6 3
# warning: NodePadName not found MIC6 3
# warning: NodePadName not found MIC5 1
# warning: NodePadName not found MIC4 1
# warning: NodePadName not found QIR 2
# warning: NodePadName not found QIR 2
# warning: NodePadName not found QIR 2
# warning: NodePadName not found QIR 2
# warning: NodePadName not found MIC1 1
# warning: NodePadName not found MIC3 3
# warning: NodePadName not found MIC1 3
# warning: NodePadName not found MIC6 1
# warning: NodePadName not found MIC6 1
# warning: NodePadName not found MIC6 1
# warning: NodePadName not found MIC5 3
# warning: NodePadName not found MIC5 3
# warning: NodePadName not found MIC2 3
# warning: NodePadName not found MIC4 3
# warning: NodePadName not found QIR 3
# warning: NodePadName not found QIR 3
# warning: NodePadName not found MIC6 2
# warning: NodePadName not found MIC6 2
# warning: NodePadName not found MIC6 2
# warning: NodePadName not found MIC6 2
# warning: NodePadName not found MIC6 2
# warning: NodePadName not found MIC6 2
# warning: NodePadName not found MIC6 2
# warning: NodePadName not found MIC6 2
# warning: NodePadName not found MIC6 2
# warning: NodePadName not found MIC6 2
# warning: NodePadName not found MIC6 2
# warning: NodePadName not found MIC6 2
# warning: NodePadName not found MIC6 2
# warning: NodePadName not found MIC6 2
# warning: NodePadName not found MIC6 2
# warning: NodePadName not found MIC6 2
# warning: NodePadName not found MIC6 2
# warning: NodePadName not found MIC6 2
# warning: NodePadName not found MIC6 2
# warning: NodePadName not found MIC6 2
# warning: NodePadName not found MIC6 2
# warning: NodePadName not found MIC6 2
# warning: NodePadName not found MIC6 2
# warning: NodePadName not found MIC6 2
# warning: NodePadName not found MIC6 2
# warning: NodePadName not found MIC6 2
# warning: NodePadName not found MIC6 2
# warning: NodePadName not found MIC6 2
# warning: NodePadName not found MIC6 2
# warning: NodePadName not found MIC6 2
# warning: NodePadName not found MIC6 2
# warning: NodePadName not found MIC6 2
# warning: NodePadName not found MIC6 2
# warning: NodePadName not found MIC6 2
# warning: NodePadName not found MIC6 2
# warning: NodePadName not found MIC6 2
# warning: NodePadName not found MIC6 2
# warning: NodePadName not found MIC6 2
# warning: NodePadName not found MIC6 2
# warning: NodePadName not found MIC6 2
# warning: NodePadName not found MIC6 2
# warning: NodePadName not found MIC6 2
# warning: NodePadName not found MIC6 2
# warning: NodePadName not found MIC6 2
# warning: NodePadName not found MIC6 2
# warning: NodePadName not found MIC6 2
# warning: NodePadName not found MIC6 2
# warning: NodePadName not found MIC6 2
# warning: NodePadName not found MIC6 4
# warning: NodePadName not found MIC6 4
# warning: NodePadName not found MIC6 4
# warning: NodePadName not found MIC6 4
# warning: NodePadName not found MIC6 4
# warning: NodePadName not found MIC6 4
# warning: NodePadName not found MIC6 4
# warning: NodePadName not found MIC6 4
# warning: NodePadName not found MIC6 4
# warning: NodePadName not found MIC6 4
# warning: NodePadName not found MIC6 4
# warning: NodePadName not found MIC6 4
# warning: NodePadName not found MIC6 4
# warning: NodePadName not found MIC6 4
# warning: NodePadName not found MIC6 4
# warning: NodePadName not found MIC6 4
# warning: NodePadName not found MIC6 4
# warning: NodePadName not found MIC6 4
# warning: NodePadName not found MIC6 4
# warning: NodePadName not found MIC6 4
# warning: NodePadName not found MIC6 4
# warning: NodePadName not found MIC6 4
# warning: NodePadName not found MIC6 4
# warning: NodePadName not found QIR 1
# warning: NodePadName not found QIR 1
# warning: NodePadName not found MIC3 1
# warning: NodePadName not found MIC2 1
